<?xml version="1.0" encoding="UTF-8" ?>
<testsuite tests="148" failures="0" name="runner.TestRunner" time="0.027" errors="0" skipped="0">
  <properties>
[...]
</properties>
  <testcase classname="| coke |" name="Given That the vending machine is stocked with the drinks" time="0.005"/>
  <testcase classname="| coke |" name="When I put enough money in the vending machine" time="0.001"/>
  <testcase classname="| coke |" name="And I the select coke for purchase" time="0"/>
  <testcase classname="| coke |" name="Then The transaction completes successfully" time="0"/>
  <testcase classname="| coke |" name="| coke |" time="0.007"/>
  <testcase classname="| pepsi |" name="Given That the vending machine is stocked with the drinks" time="0"/>
  <testcase classname="| pepsi |" name="When I put enough money in the vending machine" time="0"/>
  <testcase classname="| pepsi |" name="And I the select pepsi for purchase" time="0"/>
  <testcase classname="| pepsi |" name="Then The transaction completes successfully" time="0"/>
  <testcase classname="| pepsi |" name="| pepsi |" time="0"/>
  <testcase classname="| soda |" name="Given That the vending machine is stocked with the drinks" time="0"/>
  <testcase classname="| soda |" name="When I put enough money in the vending machine" time="0"/>
  <testcase classname="| soda |" name="And I the select soda for purchase" time="0"/>
  <testcase classname="| soda |" name="Then The transaction completes successfully" time="0"/>
  <testcase classname="| soda |" name="| soda |" time="0"/>
  <testcase classname="| 25 | coke |" name="Given I put into the vending machine 25 pennies" time="0"/>
  <testcase classname="| 25 | coke |" name="And There are cans of coke in the vending machine" time="0"/>
  <testcase classname="| 25 | coke |" name="When I request for a can of coke" time="0"/>
  <testcase classname="| 25 | coke |" name="Then The transaction is successful 25 for coke" time="0"/>
  <testcase classname="| 25 | coke |" name="| 25 | coke |" time="0.001"/>
  <testcase classname="| 35 | pepsi |" name="Given I put into the vending machine 35 pennies" time="0"/>
  <testcase classname="| 35 | pepsi |" name="And There are cans of pepsi in the vending machine" time="0"/>
  <testcase classname="| 35 | pepsi |" name="When I request for a can of pepsi" time="0"/>
  <testcase classname="| 35 | pepsi |" name="Then The transaction is successful 35 for pepsi" time="0"/>
  <testcase classname="| 35 | pepsi |" name="| 35 | pepsi |" time="0"/>
  <testcase classname="| 45 | soda |" name="Given I put into the vending machine 45 pennies" time="0"/>
  <testcase classname="| 45 | soda |" name="And There are cans of soda in the vending machine" time="0"/>
  <testcase classname="| 45 | soda |" name="When I request for a can of soda" time="0"/>
  <testcase classname="| 45 | soda |" name="Then The transaction is successful 45 for soda" time="0"/>
  <testcase classname="| 45 | soda |" name="| 45 | soda |" time="0.001"/>
  <testcase classname="| 75 | coke | 50 |" name="Given I put into the vending machine 75" time="0.001"/>
  <testcase classname="| 75 | coke | 50 |" name="And There are cans of coke in the vending machine" time="0"/>
  <testcase classname="| 75 | coke | 50 |" name="When I request for a can of coke" time="0"/>
  <testcase classname="| 75 | coke | 50 |" name="Then The vending machine gives back 50 for coke amount paid 75" time="0.001"/>
  <testcase classname="| 75 | coke | 50 |" name="And The transaction is successful 75 for coke" time="0.001"/>
  <testcase classname="| 75 | coke | 50 |" name="| 75 | coke | 50 |" time="0.001"/>
  <testcase classname="| 75 | pepsi | 40 |" name="Given I put into the vending machine 75" time="0"/>
  <testcase classname="| 75 | pepsi | 40 |" name="And There are cans of pepsi in the vending machine" time="0"/>
  <testcase classname="| 75 | pepsi | 40 |" name="When I request for a can of pepsi" time="0"/>
  <testcase classname="| 75 | pepsi | 40 |" name="Then The vending machine gives back 40 for pepsi amount paid 75" time="0"/>
  <testcase classname="| 75 | pepsi | 40 |" name="And The transaction is successful 75 for pepsi" time="0"/>
  <testcase classname="| 75 | pepsi | 40 |" name="| 75 | pepsi | 40 |" time="0"/>
  <testcase classname="| 75 | soda | 30 |" name="Given I put into the vending machine 75" time="0"/>
  <testcase classname="| 75 | soda | 30 |" name="And There are cans of soda in the vending machine" time="0"/>
  <testcase classname="| 75 | soda | 30 |" name="When I request for a can of soda" time="0"/>
  <testcase classname="| 75 | soda | 30 |" name="Then The vending machine gives back 30 for soda amount paid 75" time="0"/>
  <testcase classname="| 75 | soda | 30 |" name="And The transaction is successful 75 for soda" time="0"/>
  <testcase classname="| 75 | soda | 30 |" name="| 75 | soda | 30 |" time="0"/>
  <testcase classname="| 50 | coke | 25 |" name="Given I put into the vending machine 50" time="0"/>
  <testcase classname="| 50 | coke | 25 |" name="And There are cans of coke in the vending machine" time="0"/>
  <testcase classname="| 50 | coke | 25 |" name="When I request for a can of coke" time="0"/>
  <testcase classname="| 50 | coke | 25 |" name="Then The vending machine gives back 25 for coke amount paid 50" time="0"/>
  <testcase classname="| 50 | coke | 25 |" name="And The transaction is successful 50 for coke" time="0"/>
  <testcase classname="| 50 | coke | 25 |" name="| 50 | coke | 25 |" time="0"/>
  <testcase classname="| 50 | pepsi | 15 |" name="Given I put into the vending machine 50" time="0"/>
  <testcase classname="| 50 | pepsi | 15 |" name="And There are cans of pepsi in the vending machine" time="0"/>
  <testcase classname="| 50 | pepsi | 15 |" name="When I request for a can of pepsi" time="0"/>
  <testcase classname="| 50 | pepsi | 15 |" name="Then The vending machine gives back 15 for pepsi amount paid 50" time="0"/>
  <testcase classname="| 50 | pepsi | 15 |" name="And The transaction is successful 50 for pepsi" time="0"/>
  <testcase classname="| 50 | pepsi | 15 |" name="| 50 | pepsi | 15 |" time="0.001"/>
  <testcase classname="| 50 | soda | 5 |" name="Given I put into the vending machine 50" time="0"/>
  <testcase classname="| 50 | soda | 5 |" name="And There are cans of soda in the vending machine" time="0"/>
  <testcase classname="| 50 | soda | 5 |" name="When I request for a can of soda" time="0"/>
  <testcase classname="| 50 | soda | 5 |" name="Then The vending machine gives back 5 for soda amount paid 50" time="0.001"/>
  <testcase classname="| 50 | soda | 5 |" name="And The transaction is successful 50 for soda" time="0"/>
  <testcase classname="| 50 | soda | 5 |" name="| 50 | soda | 5 |" time="0"/>
  <testcase classname="| 150 | coke | 125 |" name="Given I put into the vending machine 150" time="0"/>
  <testcase classname="| 150 | coke | 125 |" name="And There are cans of coke in the vending machine" time="0"/>
  <testcase classname="| 150 | coke | 125 |" name="When I request for a can of coke" time="0"/>
  <testcase classname="| 150 | coke | 125 |" name="Then The vending machine gives back 125 for coke amount paid 150" time="0"/>
  <testcase classname="| 150 | coke | 125 |" name="And The transaction is successful 150 for coke" time="0"/>
  <testcase classname="| 150 | coke | 125 |" name="| 150 | coke | 125 |" time="0.001"/>
  <testcase classname="| 150 | pepsi | 115 |" name="Given I put into the vending machine 150" time="0"/>
  <testcase classname="| 150 | pepsi | 115 |" name="And There are cans of pepsi in the vending machine" time="0"/>
  <testcase classname="| 150 | pepsi | 115 |" name="When I request for a can of pepsi" time="0"/>
  <testcase classname="| 150 | pepsi | 115 |" name="Then The vending machine gives back 115 for pepsi amount paid 150" time="0"/>
  <testcase classname="| 150 | pepsi | 115 |" name="And The transaction is successful 150 for pepsi" time="0"/>
  <testcase classname="| 150 | pepsi | 115 |" name="| 150 | pepsi | 115 |" time="0"/>
  <testcase classname="| 150 | soda | 105 |" name="Given I put into the vending machine 150" time="0"/>
  <testcase classname="| 150 | soda | 105 |" name="And There are cans of soda in the vending machine" time="0"/>
  <testcase classname="| 150 | soda | 105 |" name="When I request for a can of soda" time="0"/>
  <testcase classname="| 150 | soda | 105 |" name="Then The vending machine gives back 105 for soda amount paid 150" time="0"/>
  <testcase classname="| 150 | soda | 105 |" name="And The transaction is successful 150 for soda" time="0"/>
  <testcase classname="| 150 | soda | 105 |" name="| 150 | soda | 105 |" time="0"/>
  <testcase classname="| coke | 5 | 5 |" name="Given No balance of coke in the vending machine" time="0"/>
  <testcase classname="| coke | 5 | 5 |" name="And I put following 5 of coke into the vending machine" time="0.001"/>
  <testcase classname="| coke | 5 | 5 |" name="When I get the inventory of coke" time="0"/>
  <testcase classname="| coke | 5 | 5 |" name="Then The Number of coke in vending machine matches 5" time="0"/>
  <testcase classname="| coke | 5 | 5 |" name="| coke | 5 | 5 |" time="0"/>
  <testcase classname="| pepsi | 5 | 5 |" name="Given No balance of pepsi in the vending machine" time="0"/>
  <testcase classname="| pepsi | 5 | 5 |" name="And I put following 5 of pepsi into the vending machine" time="0"/>
  <testcase classname="| pepsi | 5 | 5 |" name="When I get the inventory of pepsi" time="0"/>
  <testcase classname="| pepsi | 5 | 5 |" name="Then The Number of pepsi in vending machine matches 5" time="0"/>
  <testcase classname="| pepsi | 5 | 5 |" name="| pepsi | 5 | 5 |" time="0"/>
  <testcase classname="| soda | 5 | 5 |" name="Given No balance of soda in the vending machine" time="0"/>
  <testcase classname="| soda | 5 | 5 |" name="And I put following 5 of soda into the vending machine" time="0"/>
  <testcase classname="| soda | 5 | 5 |" name="When I get the inventory of soda" time="0"/>
  <testcase classname="| soda | 5 | 5 |" name="Then The Number of soda in vending machine matches 5" time="0"/>
  <testcase classname="| soda | 5 | 5 |" name="| soda | 5 | 5 |" time="0"/>
  <testcase classname="| coke |" name="Given There are cans of coke in the vending machine" time="0.003"/>
  <testcase classname="| coke |" name="When I purchase a can of coke" time="0"/>
  <testcase classname="| coke |" name="And I get the inventory of coke" time="0"/>
  <testcase classname="| coke |" name="Then the number of coke has reduced by one" time="0"/>
  <testcase classname="| coke |" name="| coke |" time="0"/>
  <testcase classname="| pepsi |" name="Given There are cans of pepsi in the vending machine" time="0"/>
  <testcase classname="| pepsi |" name="When I purchase a can of pepsi" time="0"/>
  <testcase classname="| pepsi |" name="And I get the inventory of pepsi" time="0"/>
  <testcase classname="| pepsi |" name="Then the number of pepsi has reduced by one" time="0"/>
  <testcase classname="| pepsi |" name="| pepsi |" time="0"/>
  <testcase classname="| soda |" name="Given There are cans of soda in the vending machine" time="0"/>
  <testcase classname="| soda |" name="When I purchase a can of soda" time="0"/>
  <testcase classname="| soda |" name="And I get the inventory of soda" time="0"/>
  <testcase classname="| soda |" name="Then the number of soda has reduced by one" time="0"/>
  <testcase classname="| soda |" name="| soda |" time="0"/>
  <testcase classname="| coke | 24 | you have not inserted enough money |" name="Given There are cans of coke in the vending machine" time="0"/>
  <testcase classname="| coke | 24 | you have not inserted enough money |" name="And I put into the vending machine 24" time="0"/>
  <testcase classname="| coke | 24 | you have not inserted enough money |" name="Then I try to purchase a can of coke" time="0"/>
  <testcase classname="| coke | 24 | you have not inserted enough money |" name="Then Vending machine returns you have not inserted enough money" time="0"/>
  <testcase classname="| coke | 24 | you have not inserted enough money |" name="And No of coke in vending Machine remains the same" time="0"/>
  <testcase classname="| coke | 24 | you have not inserted enough money |" name="| coke | 24 | you have not inserted enough money |" time="0"/>
  <testcase classname="| pepsi | 24 | you have not inserted enough money |" name="Given There are cans of pepsi in the vending machine" time="0"/>
  <testcase classname="| pepsi | 24 | you have not inserted enough money |" name="And I put into the vending machine 24" time="0"/>
  <testcase classname="| pepsi | 24 | you have not inserted enough money |" name="Then I try to purchase a can of pepsi" time="0"/>
  <testcase classname="| pepsi | 24 | you have not inserted enough money |" name="Then Vending machine returns you have not inserted enough money" time="0"/>
  <testcase classname="| pepsi | 24 | you have not inserted enough money |" name="And No of pepsi in vending Machine remains the same" time="0"/>
  <testcase classname="| pepsi | 24 | you have not inserted enough money |" name="| pepsi | 24 | you have not inserted enough money |" time="0"/>
  <testcase classname="| soda | 24 | you have not inserted enough money |" name="Given There are cans of soda in the vending machine" time="0.001"/>
  <testcase classname="| soda | 24 | you have not inserted enough money |" name="And I put into the vending machine 24" time="0"/>
  <testcase classname="| soda | 24 | you have not inserted enough money |" name="Then I try to purchase a can of soda" time="0"/>
  <testcase classname="| soda | 24 | you have not inserted enough money |" name="Then Vending machine returns you have not inserted enough money" time="0"/>
  <testcase classname="| soda | 24 | you have not inserted enough money |" name="And No of soda in vending Machine remains the same" time="0"/>
  <testcase classname="| soda | 24 | you have not inserted enough money |" name="| soda | 24 | you have not inserted enough money |" time="0"/>
  <testcase classname="| coke | 100 | is out of stock |" name="Given There are zero cans in the vending machine" time="0"/>
  <testcase classname="| coke | 100 | is out of stock |" name="And I put into the vending machine 100" time="0"/>
  <testcase classname="| coke | 100 | is out of stock |" name="And I try to purchase any item" time="0"/>
  <testcase classname="| coke | 100 | is out of stock |" name="Then Vending machine returns is out of stock" time="0"/>
  <testcase classname="| coke | 100 | is out of stock |" name="And The vending machine gives back 100" time="0"/>
  <testcase classname="| coke | 100 | is out of stock |" name="| coke | 100 | is out of stock |" time="0"/>
  <testcase classname="Scenario: The City Bikes Api Returns 200 Response Code" name="Given City Bikes Api Url is active" time="0"/>
  <testcase classname="Scenario: The City Bikes Api Returns 200 Response Code" name="When I run the unfiltered api" time="0"/>
  <testcase classname="Scenario: The City Bikes Api Returns 200 Response Code" name="Then The expected success response code is returned" time="0"/>
  <testcase classname="Scenario: The City Bikes Api Returns 200 Response Code" name="Scenario: The City Bikes Api Returns 200 Response Code" time="0"/>
  <testcase classname="| visa-frankfurt | frankfurt |" name="Given I have a specific location visa-frankfurt" time="0"/>
  <testcase classname="| visa-frankfurt | frankfurt |" name="When I run the api filtered by location" time="0"/>
  <testcase classname="| visa-frankfurt | frankfurt |" name="And I extract the country returned by the api" time="0"/>
  <testcase classname="| visa-frankfurt | frankfurt |" name="Then I verify that the country frankfurt is as expected" time="0"/>
  <testcase classname="| visa-frankfurt | frankfurt |" name="And I verify the the latitude londitude values are returned" time="0"/>
  <testcase classname="| visa-frankfurt | frankfurt |" name="| visa-frankfurt | frankfurt |" time="0"/>
</testsuite>